{"/home/william/projects/nest-spire-rest/src/config/configuration.ts": {"path":"/home/william/projects/nest-spire-rest/src/config/configuration.ts","statementMap":{"0":{"start":{"line":6,"column":29},"end":{"line":9,"column":2}},"1":{"start":{"line":6,"column":55},"end":{"line":9,"column":2}},"2":{"start":{"line":6,"column":13},"end":{"line":6,"column":29}}},"fnMap":{"0":{"name":"(anonymous_0)","decl":{"start":{"line":6,"column":29},"end":{"line":6,"column":51}},"loc":{"start":{"line":6,"column":55},"end":{"line":9,"column":2}}}},"branchMap":{},"s":{"0":1,"1":1,"2":1},"f":{"0":1},"b":{}}
,"/home/william/projects/nest-spire-rest/src/config/envs.ts": {"path":"/home/william/projects/nest-spire-rest/src/config/envs.ts","statementMap":{"0":{"start":{"line":1,"column":0},"end":{"line":1,"column":47}},"1":{"start":{"line":4,"column":20},"end":{"line":7,"column":2}},"2":{"start":{"line":4,"column":54},"end":{"line":7,"column":2}},"3":{"start":{"line":4,"column":13},"end":{"line":4,"column":20}}},"fnMap":{"0":{"name":"(anonymous_0)","decl":{"start":{"line":4,"column":20},"end":{"line":4,"column":21}},"loc":{"start":{"line":4,"column":54},"end":{"line":7,"column":2}}}},"branchMap":{},"s":{"0":1,"1":1,"2":1,"3":1},"f":{"0":1},"b":{}}
}
